\BOOKMARK [1][-]{section.1}{Introduction}{}% 1
\BOOKMARK [2][-]{subsection.1.1}{Summary}{section.1}% 2
\BOOKMARK [1][-]{section.2}{Crossminer Project}{}% 3
\BOOKMARK [2][-]{subsection.2.1}{CROSSMINER}{section.2}% 4
\BOOKMARK [3][-]{subsubsection.2.1.1}{Open Source Software Challenges}{subsection.2.1}% 5
\BOOKMARK [3][-]{subsubsection.2.1.2}{Selecting Open Source Components}{subsection.2.1}% 6
\BOOKMARK [3][-]{subsubsection.2.1.3}{Project Technologies}{subsection.2.1}% 7
\BOOKMARK [1][-]{section.3}{The Similarity Problem}{}% 8
\BOOKMARK [2][-]{subsection.3.1}{Overview}{section.3}% 9
\BOOKMARK [2][-]{subsection.3.2}{String-Based}{section.3}% 10
\BOOKMARK [3][-]{subsubsection.3.2.1}{ Levenshtein distance}{subsection.3.2}% 11
\BOOKMARK [3][-]{subsubsection.3.2.2}{Cosine Similarity}{subsection.3.2}% 12
\BOOKMARK [2][-]{subsection.3.3}{Corpus-Based}{section.3}% 13
\BOOKMARK [3][-]{subsubsection.3.3.1}{Term-Document Matrix}{subsection.3.3}% 14
\BOOKMARK [3][-]{subsubsection.3.3.2}{Latent Semantic Analysis}{subsection.3.3}% 15
\BOOKMARK [2][-]{subsection.3.4}{Knowledge-Based}{section.3}% 16
\BOOKMARK [1][-]{section.4}{The Approaches}{}% 17
\BOOKMARK [2][-]{subsection.4.1}{Overview}{section.4}% 18
\BOOKMARK [2][-]{subsection.4.2}{MUDABlue}{section.4}% 19
\BOOKMARK [3][-]{subsubsection.4.2.1}{Exctract Identifiers}{subsection.4.2}% 20
\BOOKMARK [3][-]{subsubsection.4.2.2}{Create identifier-by-software matrix}{subsection.4.2}% 21
\BOOKMARK [3][-]{subsubsection.4.2.3}{Remove useless identifiers}{subsection.4.2}% 22
\BOOKMARK [3][-]{subsubsection.4.2.4}{Apply the LSA}{subsection.4.2}% 23
\BOOKMARK [3][-]{subsubsection.4.2.5}{Apply the Cosine Similarity}{subsection.4.2}% 24
\BOOKMARK [3][-]{subsubsection.4.2.6}{Categorization}{subsection.4.2}% 25
\BOOKMARK [3][-]{subsubsection.4.2.7}{Results}{subsection.4.2}% 26
\BOOKMARK [2][-]{subsection.4.3}{CLAN: Closely reLated ApplicatioNs}{section.4}% 27
\BOOKMARK [3][-]{subsubsection.4.3.1}{Terms Extraction}{subsection.4.3}% 28
\BOOKMARK [3][-]{subsubsection.4.3.2}{TDMs Creation}{subsection.4.3}% 29
\BOOKMARK [3][-]{subsubsection.4.3.3}{LSI Procedure}{subsection.4.3}% 30
\BOOKMARK [3][-]{subsubsection.4.3.4}{Apply the Cosine Similarity}{subsection.4.3}% 31
\BOOKMARK [3][-]{subsubsection.4.3.5}{Sum of the matrices}{subsection.4.3}% 32
\BOOKMARK [3][-]{subsubsection.4.3.6}{Final similarity matrix}{subsection.4.3}% 33
\BOOKMARK [3][-]{subsubsection.4.3.7}{Results}{subsection.4.3}% 34
\BOOKMARK [2][-]{subsection.4.4}{RepoPal: Exploiting Metadata to Detect Similar GitHub Repositories}{section.4}% 35
\BOOKMARK [2][-]{subsection.4.5}{CrossSim}{section.4}% 36
\BOOKMARK [3][-]{subsubsection.4.5.1}{Graph-based Representation of OSS Ecosystems}{subsection.4.5}% 37
\BOOKMARK [2][-]{subsection.4.6}{System Description}{section.4}% 38
\BOOKMARK [3][-]{subsubsection.4.6.1}{Component Point of View}{subsection.4.6}% 39
\BOOKMARK [3][-]{subsubsection.4.6.2}{Description}{subsection.4.6}% 40
\BOOKMARK [3][-]{subsubsection.4.6.3}{System Details}{subsection.4.6}% 41
\BOOKMARK [2][-]{subsection.4.7}{Tools and Libreries}{section.4}% 42
\BOOKMARK [1][-]{section.5}{Evaluation}{}% 43
\BOOKMARK [2][-]{subsection.5.1}{Overview}{section.5}% 44
\BOOKMARK [2][-]{subsection.5.2}{Dataset}{section.5}% 45
\BOOKMARK [2][-]{subsection.5.3}{User Study}{section.5}% 46
\BOOKMARK [3][-]{subsubsection.5.3.1}{Calculation of metrics}{subsection.5.3}% 47
\BOOKMARK [2][-]{subsection.5.4}{Evaluation Results}{section.5}% 48
\BOOKMARK [2][-]{subsection.5.5}{Comments}{section.5}% 49
\BOOKMARK [2][-]{subsection.5.6}{Threats to Validity}{section.5}% 50
\BOOKMARK [1][-]{section.6}{Conclusion}{}% 51
\BOOKMARK [1][-]{section*.39}{References}{}% 52
