\BOOKMARK [0][-]{section*.1}{\376\377\000A\000c\000k\000n\000o\000w\000l\000e\000d\000g\000e\000m\000e\000n\000t\000s}{}% 1
\BOOKMARK [0][-]{chapter.5}{\376\377\000I\000n\000t\000r\000o\000d\000u\000c\000t\000i\000o\000n}{}% 2
\BOOKMARK [1][-]{section.6}{\376\377\000P\000r\000e\000a\000m\000b\000l\000e}{chapter.5}% 3
\BOOKMARK [1][-]{section.7}{\376\377\000T\000h\000e\000\040\000C\000R\000O\000S\000S\000M\000I\000N\000E\000R\000\040\000p\000r\000o\000j\000e\000c\000t}{chapter.5}% 4
\BOOKMARK [1][-]{section.10}{\376\377\000P\000r\000o\000b\000l\000e\000m\000\040\000S\000t\000a\000t\000e\000m\000e\000n\000t}{chapter.5}% 5
\BOOKMARK [1][-]{section.11}{\376\377\000T\000h\000e\000s\000i\000s\000\040\000S\000t\000r\000u\000c\000t\000u\000r\000e}{chapter.5}% 6
\BOOKMARK [0][-]{chapter.12}{\376\377\000M\000a\000t\000h\000e\000m\000a\000t\000i\000c\000a\000l\000\040\000B\000a\000c\000k\000g\000r\000o\000u\000n\000d}{}% 7
\BOOKMARK [1][-]{section.13}{\376\377\000T\000e\000r\000m\000-\000D\000o\000c\000u\000m\000e\000n\000t\000\040\000M\000a\000t\000r\000i\000x}{chapter.12}% 8
\BOOKMARK [1][-]{section.16}{\376\377\000C\000o\000s\000i\000n\000e\000\040\000S\000i\000m\000i\000l\000a\000r\000i\000t\000y}{chapter.12}% 9
\BOOKMARK [1][-]{section.22}{\376\377\000L\000a\000t\000e\000n\000t\000\040\000S\000e\000m\000a\000n\000t\000i\000c\000\040\000A\000n\000a\000l\000y\000s\000i\000s}{chapter.12}% 10
\BOOKMARK [1][-]{section.30}{\376\377\000J\000a\000c\000c\000a\000r\000d\000\040\000I\000n\000d\000e\000x}{chapter.12}% 11
\BOOKMARK [1][-]{section.33}{\376\377\000G\000r\000a\000p\000h\000\040\000S\000i\000m\000i\000l\000a\000r\000i\000t\000y}{chapter.12}% 12
\BOOKMARK [0][-]{chapter.36}{\376\377\000L\000i\000t\000e\000r\000a\000t\000u\000r\000e\000\040\000R\000e\000v\000i\000e\000w\000\040\000o\000n\000\040\000S\000o\000f\000t\000w\000a\000r\000e\000\040\000S\000i\000m\000i\000l\000a\000r\000i\000t\000y\000\040\000M\000e\000a\000s\000u\000r\000e\000m\000e\000n\000t}{}% 13
\BOOKMARK [1][-]{section.37}{\376\377\000M\000U\000D\000A\000B\000l\000u\000e\000:\000\040\000A\000u\000t\000o\000m\000a\000t\000i\000c\000\040\000C\000a\000t\000e\000g\000o\000r\000i\000z\000a\000t\000i\000o\000n\000\040\000f\000o\000r\000\040\000O\000p\000e\000n\000\040\000S\000o\000u\000r\000c\000e\000\040\000R\000e\000p\000o\000s\000i\000t\000o\000r\000i\000e\000s}{chapter.36}% 14
\BOOKMARK [1][-]{section.38}{\376\377\000C\000L\000A\000N\000:\000\040\000F\000i\000n\000d\000i\000n\000g\000\040\000R\000e\000l\000a\000t\000e\000d\000\040\000A\000p\000p\000l\000i\000c\000a\000t\000i\000o\000n\000s}{chapter.36}% 15
\BOOKMARK [1][-]{section.40}{\376\377\000T\000a\000g\000S\000i\000m\000:\000\040\000C\000o\000l\000l\000a\000b\000o\000r\000a\000t\000i\000v\000e\000\040\000T\000a\000g\000g\000i\000n\000g\000\040\000t\000o\000\040\000D\000e\000t\000e\000c\000t\000\040\000S\000i\000m\000i\000l\000a\000r\000\040\000A\000p\000p\000l\000i\000c\000a\000t\000i\000o\000n\000s}{chapter.36}% 16
\BOOKMARK [1][-]{section.45}{\376\377\000C\000L\000A\000N\000d\000r\000o\000i\000d\000:\000\040\000D\000e\000t\000e\000c\000t\000i\000n\000g\000\040\000S\000i\000m\000i\000l\000a\000r\000\040\000A\000n\000d\000r\000o\000i\000d\000\040\000A\000p\000p\000l\000i\000c\000a\000t\000i\000o\000n\000s}{chapter.36}% 17
\BOOKMARK [1][-]{section.47}{\376\377\000S\000i\000m\000A\000p\000p\000:\000\040\000D\000e\000t\000e\000c\000t\000i\000n\000g\000\040\000S\000i\000m\000i\000l\000a\000r\000\040\000M\000o\000b\000i\000l\000e\000\040\000A\000p\000p\000s\000\040\000b\000y\000\040\000O\000n\000l\000i\000n\000e\000\040\000K\000e\000r\000n\000e\000l\000\040\000L\000e\000a\000r\000n\000i\000n\000g}{chapter.36}% 18
\BOOKMARK [1][-]{section.50}{\376\377\000A\000n\000D\000a\000r\000w\000i\000n\000:\000\040\000D\000e\000t\000e\000c\000t\000i\000n\000g\000\040\000S\000i\000m\000i\000l\000a\000r\000\040\000A\000n\000d\000r\000o\000i\000d\000\040\000A\000p\000p\000l\000i\000c\000a\000t\000i\000o\000n\000s}{chapter.36}% 19
\BOOKMARK [1][-]{section.51}{\376\377\000G\000P\000L\000A\000G\000:\000\040\000U\000s\000i\000n\000g\000\040\000G\000r\000a\000p\000h\000\040\000f\000o\000r\000\040\000D\000e\000t\000e\000c\000t\000i\000n\000g\000\040\000S\000o\000f\000t\000w\000a\000r\000e\000\040\000P\000l\000a\000g\000i\000a\000r\000i\000s\000m}{chapter.36}% 20
\BOOKMARK [1][-]{section.52}{\376\377\000W\000u\000K\000o\000n\000g\000:\000\040\000D\000e\000t\000e\000c\000t\000i\000n\000g\000\040\000C\000l\000o\000n\000e\000d\000\040\000A\000n\000d\000r\000o\000i\000d\000\040\000A\000p\000p\000s}{chapter.36}% 21
\BOOKMARK [1][-]{section.54}{\376\377\000L\000i\000b\000R\000e\000c\000:\000\040\000A\000u\000t\000o\000m\000a\000t\000e\000d\000\040\000L\000i\000b\000r\000a\000r\000y\000\040\000R\000e\000c\000o\000m\000m\000e\000n\000d\000a\000t\000i\000o\000n}{chapter.36}% 22
\BOOKMARK [1][-]{section.56}{\376\377\000R\000e\000p\000o\000P\000a\000l}{chapter.36}% 23
\BOOKMARK [1][-]{section.66}{\376\377\000C\000r\000o\000s\000s\000S\000i\000m\000:\000\040\000D\000e\000t\000e\000c\000t\000i\000n\000g\000\040\000s\000i\000m\000i\000l\000a\000r\000\040\000O\000S\000S\000\040\000p\000r\000o\000j\000e\000c\000t\000s\000\040\000u\000s\000i\000n\000g\000\040\000g\000r\000a\000p\000h}{chapter.36}% 24
\BOOKMARK [1][-]{section.72}{\376\377\000A\000n\000a\000l\000y\000s\000i\000s}{chapter.36}% 25
\BOOKMARK [0][-]{chapter.77}{\376\377\000I\000m\000p\000l\000e\000m\000e\000n\000t\000a\000t\000i\000o\000n}{}% 26
\BOOKMARK [1][-]{section.78}{\376\377\000O\000v\000e\000r\000v\000i\000e\000w}{chapter.77}% 27
\BOOKMARK [1][-]{section.79}{\376\377\000M\000U\000D\000A\000B\000l\000u\000e}{chapter.77}% 28
\BOOKMARK [2][-]{subsection.81}{\376\377\000E\000x\000c\000t\000r\000a\000c\000t\000\040\000I\000d\000e\000n\000t\000i\000f\000i\000e\000r\000s}{section.79}% 29
\BOOKMARK [2][-]{subsection.82}{\376\377\000C\000r\000e\000a\000t\000e\000\040\000i\000d\000e\000n\000t\000i\000f\000i\000e\000r\000-\000b\000y\000-\000s\000o\000f\000t\000w\000a\000r\000e\000\040\000m\000a\000t\000r\000i\000x}{section.79}% 30
\BOOKMARK [2][-]{subsection.83}{\376\377\000R\000e\000m\000o\000v\000e\000\040\000u\000s\000e\000l\000e\000s\000s\000\040\000i\000d\000e\000n\000t\000i\000f\000i\000e\000r\000s}{section.79}% 31
\BOOKMARK [2][-]{subsection.84}{\376\377\000A\000p\000p\000l\000y\000\040\000t\000h\000e\000\040\000L\000S\000A}{section.79}% 32
\BOOKMARK [2][-]{subsection.85}{\376\377\000A\000p\000p\000l\000y\000\040\000t\000h\000e\000\040\000C\000o\000s\000i\000n\000e\000\040\000S\000i\000m\000i\000l\000a\000r\000i\000t\000y}{section.79}% 33
\BOOKMARK [2][-]{subsection.86}{\376\377\000C\000a\000t\000e\000g\000o\000r\000i\000z\000a\000t\000i\000o\000n}{section.79}% 34
\BOOKMARK [2][-]{subsection.87}{\376\377\000R\000e\000s\000u\000l\000t\000s}{section.79}% 35
\BOOKMARK [1][-]{section.92}{\376\377\000C\000L\000A\000N\000:\000\040\000C\000l\000o\000s\000e\000l\000y\000\040\000r\000e\000L\000a\000t\000e\000d\000\040\000A\000p\000p\000l\000i\000c\000a\000t\000i\000o\000N\000s}{chapter.77}% 36
\BOOKMARK [2][-]{subsection.94}{\376\377\000T\000e\000r\000m\000s\000\040\000E\000x\000t\000r\000a\000c\000t\000i\000o\000n}{section.92}% 37
\BOOKMARK [2][-]{subsection.95}{\376\377\000T\000D\000M\000s\000\040\000C\000r\000e\000a\000t\000i\000o\000n}{section.92}% 38
\BOOKMARK [2][-]{subsection.96}{\376\377\000L\000S\000I\000\040\000P\000r\000o\000c\000e\000d\000u\000r\000e}{section.92}% 39
\BOOKMARK [2][-]{subsection.97}{\376\377\000A\000p\000p\000l\000y\000\040\000t\000h\000e\000\040\000C\000o\000s\000i\000n\000e\000\040\000S\000i\000m\000i\000l\000a\000r\000i\000t\000y}{section.92}% 40
\BOOKMARK [2][-]{subsection.98}{\376\377\000S\000u\000m\000\040\000o\000f\000\040\000t\000h\000e\000\040\000m\000a\000t\000r\000i\000c\000e\000s}{section.92}% 41
\BOOKMARK [2][-]{subsection.99}{\376\377\000F\000i\000n\000a\000l\000\040\000s\000i\000m\000i\000l\000a\000r\000i\000t\000y\000\040\000m\000a\000t\000r\000i\000x}{section.92}% 42
\BOOKMARK [2][-]{subsection.100}{\376\377\000R\000e\000s\000u\000l\000t\000s}{section.92}% 43
\BOOKMARK [1][-]{section.101}{\376\377\000R\000e\000p\000o\000P\000a\000l\000:\000\040\000E\000x\000p\000l\000o\000i\000t\000i\000n\000g\000\040\000M\000e\000t\000a\000d\000a\000t\000a\000\040\000t\000o\000\040\000D\000e\000t\000e\000c\000t\000\040\000S\000i\000m\000i\000l\000a\000r\000\040\000G\000i\000t\000H\000u\000b\000\040\000R\000e\000p\000o\000s\000i\000t\000o\000r\000i\000e\000s}{chapter.77}% 44
\BOOKMARK [1][-]{section.104}{\376\377\000C\000r\000o\000s\000s\000S\000i\000m}{chapter.77}% 45
\BOOKMARK [1][-]{section.105}{\376\377\000S\000y\000s\000t\000e\000m\000\040\000D\000e\000s\000c\000r\000i\000p\000t\000i\000o\000n}{chapter.77}% 46
\BOOKMARK [2][-]{subsection.107}{\376\377\000C\000o\000m\000p\000o\000n\000e\000n\000t\000\040\000P\000o\000i\000n\000t\000\040\000o\000f\000\040\000V\000i\000e\000w}{section.105}% 47
\BOOKMARK [2][-]{subsection.110}{\376\377\000D\000e\000s\000c\000r\000i\000p\000t\000i\000o\000n}{section.105}% 48
\BOOKMARK [2][-]{subsection.112}{\376\377\000S\000y\000s\000t\000e\000m\000\040\000D\000e\000t\000a\000i\000l\000s}{section.105}% 49
\BOOKMARK [1][-]{section.121}{\376\377\000T\000o\000o\000l\000s\000\040\000a\000n\000d\000\040\000L\000i\000b\000r\000a\000r\000i\000e\000s}{chapter.77}% 50
\BOOKMARK [0][-]{chapter.122}{\376\377\000E\000v\000a\000l\000u\000a\000t\000i\000o\000n}{}% 51
\BOOKMARK [1][-]{section.124}{\376\377\000D\000a\000t\000a\000s\000e\000t}{chapter.122}% 52
\BOOKMARK [1][-]{section.128}{\376\377\000Q\000u\000e\000r\000y\000\040\000d\000e\000f\000i\000n\000i\000t\000i\000o\000n}{chapter.122}% 53
\BOOKMARK [1][-]{section.130}{\376\377\000U\000s\000e\000r\000\040\000S\000t\000u\000d\000y}{chapter.122}% 54
\BOOKMARK [1][-]{section.132}{\376\377\000E\000v\000a\000l\000u\000a\000t\000i\000o\000n\000\040\000M\000e\000t\000r\000i\000c\000s}{chapter.122}% 55
\BOOKMARK [1][-]{section.133}{\376\377\000R\000e\000s\000u\000l\000t\000s}{chapter.122}% 56
\BOOKMARK [1][-]{section.139}{\376\377\000T\000h\000r\000e\000a\000t\000s\000\040\000t\000o\000\040\000V\000a\000l\000i\000d\000i\000t\000y}{chapter.122}% 57
\BOOKMARK [0][-]{chapter.140}{\376\377\000C\000o\000n\000c\000l\000u\000s\000i\000o\000n\000s}{}% 58
\BOOKMARK [0][-]{appendix*.142}{\376\377\000B\000i\000b\000l\000i\000o\000g\000r\000a\000p\000h\000y}{}% 59
